<?xml version="1.0" encoding="UTF-8"?>
<!-- Generated by org.testng.reporters.JUnitReportReporter -->
<testsuite hostname="DESKTOP-LT7SG4G" failures="0" tests="2" name="testNG.parallelTest$ParallelTest" time="30.848" errors="0" timestamp="2024-01-13T00:49:40 IST" skipped="0">
  <testcase classname="testNG.parallelTest$ParallelTest" name="testFirefox" time="15.424"/>
  <testcase classname="testNG.parallelTest$ParallelTest" name="testFirefox1" time="15.424"/>
</testsuite> <!-- testNG.parallelTest$ParallelTest -->
