<?xml version="1.0" encoding="UTF-8"?>
<!-- Generated by org.testng.reporters.JUnitReportReporter -->
<testsuite hostname="DESKTOP-LT7SG4G" failures="0" tests="2" name="testNG.parallelTest$ParallelTest" time="29.582" errors="0" timestamp="2024-01-12T00:58:36 IST" skipped="0">
  <testcase classname="testNG.parallelTest$ParallelTest" name="testFirefox" time="14.792"/>
  <testcase classname="testNG.parallelTest$ParallelTest" name="testFirefox1" time="14.790"/>
</testsuite> <!-- testNG.parallelTest$ParallelTest -->
