<?xml version="1.0" encoding="UTF-8"?>
<!-- Generated by org.testng.reporters.JUnitReportReporter -->
<testsuite hostname="DESKTOP-LT7SG4G" failures="0" tests="10" name="testNG.Login_Test" time="0.060" errors="0" timestamp="2024-01-04T00:32:56 IST" skipped="0">
  <testcase classname="testNG.Login_Test" name="launchBrowser" time="0.014"/>
  <testcase classname="testNG.Login_Test" name="openUrl" time="0.002"/>
  <testcase classname="testNG.Login_Test" name="testFunctionality2" time="0.003"/>
  <testcase classname="testNG.Login_Test" name="openUrl" time="0.002"/>
  <testcase classname="testNG.Login_Test" name="logout" time="0.006"/>
  <testcase classname="testNG.Login_Test" name="testFunctionality" time="0.005"/>
  <testcase classname="testNG.Login_Test" name="launchBrowser" time="0.002"/>
  <testcase classname="testNG.Login_Test" name="logout" time="0.004"/>
  <testcase classname="testNG.Login_Test" name="login" time="0.006"/>
  <testcase classname="testNG.Login_Test" name="login" time="0.016"/>
</testsuite> <!-- testNG.Login_Test -->
