<?xml version="1.0" encoding="UTF-8"?>
<!-- Generated by org.testng.reporters.JUnitReportReporter -->
<testsuite hostname="DESKTOP-LT7SG4G" failures="0" tests="6" name="testNG.Login_Page" time="0.031" errors="0" timestamp="2024-01-04T00:58:19 IST" skipped="0">
  <testcase classname="testNG.Login_Page" name="openUrl" time="0.008"/>
  <testcase classname="testNG.Login_Page" name="openUrl" time="0.004"/>
  <testcase classname="testNG.Login_Page" name="login" time="0.005"/>
  <testcase classname="testNG.Login_Page" name="testFunctionality" time="0.004"/>
  <testcase classname="testNG.Login_Page" name="testFunctionality2" time="0.008"/>
  <testcase classname="testNG.Login_Page" name="login" time="0.002"/>
</testsuite> <!-- testNG.Login_Page -->
