<?xml version="1.0" encoding="UTF-8"?>
<!-- Generated by org.testng.reporters.JUnitReportReporter -->
<testsuite hostname="DESKTOP-LT7SG4G" failures="0" tests="3" name="testNG.Parameters_value" time="0.016" errors="0" timestamp="2024-01-04T01:37:03 IST" skipped="0">
  <testcase classname="testNG.Parameters_value" name="parameter3" time="0.002"/>
  <testcase classname="testNG.Parameters_value" name="parameter" time="0.011"/>
  <testcase classname="testNG.Parameters_value" name="parameter2" time="0.003"/>
</testsuite> <!-- testNG.Parameters_value -->
